<?xml version="1.0" encoding="UTF-8"?>
<testng-results ignored="0" total="1" passed="1" failed="0" skipped="0">
  <reporter-output>
  </reporter-output>
  <suite started-at="2022-11-21T11:48:45 IST" name="Default suite" finished-at="2022-11-21T11:48:51 IST" duration-ms="5986">
    <groups>
    </groups>
    <test started-at="2022-11-21T11:48:45 IST" name="Default test" finished-at="2022-11-21T11:48:51 IST" duration-ms="5986">
      <class name="reqresCRUDOperation.CreateUserTest">
        <test-method signature="createuser()[pri:0, instance:reqresCRUDOperation.CreateUserTest@6b8ca3c8]" started-at="2022-11-21T11:48:45 IST" name="createuser" finished-at="2022-11-21T11:48:51 IST" duration-ms="5875" status="PASS">
          <reporter-output>
          </reporter-output>
        </test-method> <!-- createuser -->
      </class> <!-- reqresCRUDOperation.CreateUserTest -->
    </test> <!-- Default test -->
  </suite> <!-- Default suite -->
</testng-results>
